TN:
SF:src/errors/FetchError.ts
FN:12,(anonymous_0)
FN:20,(anonymous_1)
FN:29,(anonymous_2)
FNF:3
FNH:3
FNDA:8,(anonymous_0)
FNDA:3,(anonymous_1)
FNDA:6,(anonymous_2)
DA:13,8
DA:14,8
DA:15,8
DA:16,8
DA:17,8
DA:21,2
DA:29,3
DA:30,6
LF:8
LH:8
BRF:0
BRH:0
end_of_record
TN:
SF:src/errors/HttpError.ts
FN:7,(anonymous_0)
FN:15,isHttpError
FN:21,(anonymous_2)
FN:29,(anonymous_3)
FN:37,(anonymous_4)
FN:45,(anonymous_5)
FN:53,(anonymous_6)
FN:61,(anonymous_7)
FN:69,(anonymous_8)
FN:77,(anonymous_9)
FN:85,(anonymous_10)
FNF:11
FNH:11
FNDA:19,(anonymous_0)
FNDA:11,isHttpError
FNDA:6,(anonymous_2)
FNDA:4,(anonymous_3)
FNDA:1,(anonymous_4)
FNDA:2,(anonymous_5)
FNDA:1,(anonymous_6)
FNDA:1,(anonymous_7)
FNDA:1,(anonymous_8)
FNDA:1,(anonymous_9)
FNDA:2,(anonymous_10)
DA:8,19
DA:9,19
DA:10,19
DA:11,19
DA:16,11
DA:20,6
DA:22,6
DA:23,6
DA:28,4
DA:30,4
DA:31,4
DA:36,1
DA:38,1
DA:39,1
DA:44,2
DA:46,2
DA:47,2
DA:52,1
DA:54,1
DA:55,1
DA:60,1
DA:62,1
DA:63,1
DA:68,1
DA:70,1
DA:71,1
DA:76,1
DA:78,1
DA:79,1
DA:84,2
DA:86,2
DA:87,2
LF:32
LH:32
BRDA:22,0,0,6
BRDA:22,1,0,6
BRDA:22,1,1,4
BRDA:30,2,0,4
BRDA:30,3,0,4
BRDA:30,3,1,2
BRDA:38,4,0,1
BRDA:38,5,0,1
BRDA:38,5,1,1
BRDA:46,6,0,2
BRDA:46,7,0,2
BRDA:46,7,1,2
BRDA:54,8,0,1
BRDA:54,9,0,1
BRDA:54,9,1,1
BRDA:62,10,0,1
BRDA:62,11,0,1
BRDA:62,11,1,1
BRDA:70,12,0,1
BRDA:70,13,0,1
BRDA:70,13,1,1
BRDA:78,14,0,1
BRDA:78,15,0,1
BRDA:78,15,1,1
BRDA:86,16,0,2
BRDA:86,17,0,2
BRDA:86,17,1,1
BRF:27
BRH:27
end_of_record
TN:
SF:src/errors/handler/errorHandler.ts
FN:5,errorHandler
FNF:1
FNH:1
FNDA:5,errorHandler
DA:6,5
DA:7,3
DA:12,3
DA:13,2
DA:14,1
DA:19,1
LF:6
LH:6
BRDA:6,0,0,3
BRDA:6,0,1,2
BRDA:13,1,0,1
BRDA:13,1,1,1
BRF:4
BRH:4
end_of_record
TN:
SF:src/plugins/authorization.ts
FN:49,(anonymous_0)
FN:67,isErrorIntrospect
FN:72,createAuthorize
FN:81,authorize
FNF:4
FNH:3
FNDA:0,(anonymous_0)
FNDA:4,isErrorIntrospect
FNDA:7,createAuthorize
FNDA:7,authorize
DA:12,4
DA:35,4
DA:50,0
DA:52,0
DA:60,0
DA:68,4
DA:69,4
DA:81,7
DA:82,7
DA:84,7
DA:85,1
DA:88,1
DA:91,6
DA:92,6
DA:94,6
DA:95,2
DA:100,2
DA:103,4
DA:107,4
DA:108,2
DA:116,2
DA:117,1
DA:120,1
DA:122,1
DA:127,1
DA:130,2
DA:131,2
DA:132,1
DA:133,1
DA:135,1
LF:30
LH:27
BRDA:69,0,0,4
BRDA:69,0,1,2
BRDA:84,1,0,1
BRDA:84,1,1,6
BRDA:94,2,0,2
BRDA:94,2,1,4
BRDA:94,3,0,6
BRDA:94,3,1,5
BRDA:107,4,0,2
BRDA:107,4,1,2
BRDA:116,5,0,1
BRDA:116,5,1,1
BRDA:131,6,0,1
BRDA:131,6,1,1
BRF:14
BRH:14
end_of_record
TN:
SF:src/plugins/fetchInjection.ts
FN:11,(anonymous_0)
FN:30,createFetchInjection
FN:37,fetchInjection
FN:45,(anonymous_3)
FN:56,(anonymous_4)
FNF:5
FNH:4
FNDA:0,(anonymous_0)
FNDA:6,createFetchInjection
FNDA:6,fetchInjection
FNDA:6,(anonymous_3)
FNDA:5,(anonymous_4)
DA:12,0
DA:19,0
DA:37,6
DA:41,6
DA:45,1
DA:54,6
DA:56,6
DA:57,5
DA:58,5
DA:65,5
DA:66,5
DA:67,3
DA:68,3
DA:69,3
DA:71,2
DA:76,2
DA:77,2
LF:17
LH:15
BRDA:59,0,0,5
BRDA:59,0,1,4
BRDA:62,1,0,5
BRDA:62,1,1,4
BRDA:66,2,0,3
BRDA:66,2,1,2
BRF:6
BRH:6
end_of_record
TN:
SF:src/plugins/introspect.ts
FN:29,(anonymous_0)
FN:36,createTokenIntrospector
FN:52,introspect
FN:171,cache
FN:179,(anonymous_4)
FN:182,(anonymous_5)
FN:186,(anonymous_6)
FN:193,toBasic
FN:198,audienceVerifier
FN:208,isError
FN:212,isInactiveToken
FNF:11
FNH:9
FNDA:0,(anonymous_0)
FNDA:10,createTokenIntrospector
FNDA:11,introspect
FNDA:10,cache
FNDA:6,(anonymous_4)
FNDA:10,(anonymous_5)
FNDA:0,(anonymous_6)
FNDA:8,toBasic
FNDA:9,audienceVerifier
FNDA:1,isError
FNDA:11,isInactiveToken
DA:15,1
DA:20,1
DA:30,0
DA:43,10
DA:45,10
DA:52,10
DA:57,11
DA:58,1
DA:60,10
DA:61,10
DA:63,9
DA:64,9
DA:66,9
DA:67,1
DA:76,8
DA:78,8
DA:87,8
DA:88,8
DA:99,7
DA:100,6
DA:101,6
DA:112,6
DA:113,2
DA:117,2
DA:118,2
DA:121,4
DA:127,2
DA:131,2
DA:132,2
DA:135,2
DA:136,2
DA:137,2
DA:139,2
DA:142,1
DA:143,1
DA:152,0
DA:157,1
DA:158,1
DA:175,10
DA:178,10
DA:179,10
DA:180,6
DA:182,10
DA:183,10
DA:184,6
DA:186,10
DA:187,0
DA:188,0
DA:190,10
DA:194,8
DA:195,8
DA:202,9
DA:203,9
DA:204,6
DA:205,2
DA:209,1
DA:215,11
LF:57
LH:53
BRDA:46,0,0,3
BRDA:46,0,1,7
BRDA:47,1,0,7
BRDA:47,1,1,3
BRDA:55,2,0,11
BRDA:57,3,0,1
BRDA:57,3,1,10
BRDA:57,4,0,11
BRDA:57,4,1,10
BRDA:57,4,2,10
BRDA:61,5,0,1
BRDA:61,5,1,9
BRDA:66,6,0,1
BRDA:66,6,1,8
BRDA:99,7,0,6
BRDA:99,7,1,1
BRDA:112,8,0,2
BRDA:112,8,1,4
BRDA:121,9,0,2
BRDA:121,9,1,2
BRDA:136,10,0,2
BRDA:136,10,1,0
BRDA:142,11,0,1
BRDA:142,11,1,0
BRDA:162,12,0,1
BRDA:162,12,1,0
BRDA:176,13,0,10
BRDA:176,13,1,7
BRDA:180,14,0,3
BRDA:180,14,1,3
BRDA:183,15,0,4
BRDA:183,15,1,6
BRDA:187,16,0,0
BRDA:187,16,1,0
BRDA:202,17,0,9
BRDA:203,18,0,3
BRDA:203,18,1,6
BRDA:204,19,0,4
BRDA:204,19,1,2
BRDA:215,20,0,11
BRDA:215,20,1,3
BRDA:215,20,2,3
BRDA:215,20,3,3
BRDA:215,20,4,3
BRF:44
BRH:39
end_of_record
TN:
SF:src/plugins/requestId.ts
FN:7,(anonymous_0)
FN:14,(anonymous_1)
FN:21,(anonymous_2)
FNF:3
FNH:3
FNDA:4,(anonymous_0)
FNDA:5,(anonymous_1)
FNDA:5,(anonymous_2)
DA:7,1
DA:12,4
DA:14,4
DA:15,5
DA:16,5
DA:18,5
DA:21,4
DA:22,5
DA:23,5
DA:26,4
LF:10
LH:10
BRDA:17,0,0,2
BRDA:17,0,1,3
BRF:2
BRH:2
end_of_record
TN:
SF:src/routes/healthcheck.ts
FN:10,(anonymous_0)
FN:23,healthcheck2
FN:33,checkApplicationStatus
FNF:3
FNH:3
FNDA:2,(anonymous_0)
FNDA:2,healthcheck2
FNDA:2,checkApplicationStatus
DA:5,1
DA:10,1
DA:18,2
DA:24,2
DA:25,2
DA:26,2
DA:27,1
DA:28,1
DA:30,1
DA:34,2
LF:10
LH:10
BRDA:26,0,0,1
BRDA:26,0,1,1
BRF:2
BRH:2
end_of_record
TN:
SF:src/routes/template.ts
FN:6,(anonymous_0)
FN:12,(anonymous_1)
FNF:2
FNH:2
FNDA:1,(anonymous_0)
FNDA:1,(anonymous_1)
DA:4,1
DA:6,1
DA:12,1
DA:13,1
LF:4
LH:4
BRF:0
BRH:0
end_of_record
TN:
SF:src/utils/idp.ts
FN:11,extractToken
FN:16,decodeToken
FN:20,credentialsVerifier
FN:41,getWellknownKeyValue
FN:45,getWellknown
FN:50,checkConnectivity
FN:60,verifyToken
FNF:7
FNH:6
FNDA:10,extractToken
FNDA:10,decodeToken
FNDA:2,credentialsVerifier
FNDA:12,getWellknownKeyValue
FNDA:11,getWellknown
FNDA:0,checkConnectivity
FNDA:10,verifyToken
DA:12,10
DA:13,10
DA:17,10
DA:21,2
DA:23,2
DA:36,2
DA:37,1
DA:42,12
DA:46,11
DA:47,11
DA:51,0
DA:52,0
DA:53,0
DA:54,0
DA:64,10
DA:65,10
DA:66,10
DA:67,10
DA:70,10
DA:71,7
DA:73,3
DA:76,3
LF:22
LH:18
BRDA:36,0,0,1
BRDA:36,0,1,1
BRDA:70,1,0,1
BRDA:70,1,1,9
BRDA:73,2,0,2
BRDA:73,2,1,1
BRF:6
BRH:6
end_of_record
TN:
SF:src/utils/token.ts
FN:7,extractToken
FN:12,decodeToken
FN:16,verifyToken
FNF:3
FNH:3
FNDA:8,extractToken
FNDA:8,decodeToken
FNDA:6,verifyToken
DA:8,8
DA:9,8
DA:13,8
DA:20,6
DA:21,6
DA:22,6
DA:23,6
DA:26,6
DA:28,3
LF:9
LH:9
BRDA:26,0,0,2
BRDA:26,0,1,1
BRDA:28,1,0,1
BRDA:28,1,1,2
BRF:4
BRH:4
end_of_record
TN:
SF:src/utils/typebox-extra.ts
FNF:0
FNH:0
LF:0
LH:0
BRF:0
BRH:0
end_of_record
